<?xml version="1.0" encoding="UTF-8" ?>
<testsuite tests="4" failures="0" name="ApplicationTest" time="0.032" errors="0" skipped="0">
  <properties>
    <property name="java.runtime.name" value="OpenJDK Runtime Environment"/>
    <property name="java.vm.version" value="11+28"/>
    <property name="sun.boot.library.path" value="D:\Documents\EPSI\B3\Java\Java11\bin"/>
    <property name="maven.multiModuleProjectDirectory" value="D:\Documents\EPSI\B3\Semestre2\AtelierDevops\ProjetConsole\ApplicationRecetteMaven"/>
    <property name="java.vm.vendor" value="Oracle Corporation"/>
    <property name="java.vendor.url" value="http://java.oracle.com/"/>
    <property name="guice.disable.misplaced.annotation.check" value="true"/>
    <property name="path.separator" value=";"/>
    <property name="java.vm.name" value="OpenJDK 64-Bit Server VM"/>
    <property name="sun.os.patch.level" value=""/>
    <property name="user.script" value=""/>
    <property name="user.country" value="FR"/>
    <property name="sun.java.launcher" value="SUN_STANDARD"/>
    <property name="test" value="ApplicationTest"/>
    <property name="java.vm.specification.name" value="Java Virtual Machine Specification"/>
    <property name="user.dir" value="D:\Documents\EPSI\B3\Semestre2\AtelierDevops\ProjetConsole\ApplicationRecetteMaven"/>
    <property name="java.vm.compressedOopsMode" value="Zero based"/>
    <property name="java.runtime.version" value="11+28"/>
    <property name="java.awt.graphicsenv" value="sun.awt.Win32GraphicsEnvironment"/>
    <property name="os.arch" value="amd64"/>
    <property name="java.io.tmpdir" value="C:\Users\gaell\AppData\Local\Temp\"/>
    <property name="line.separator" value="
"/>
    <property name="java.vm.specification.vendor" value="Oracle Corporation"/>
    <property name="user.variant" value=""/>
    <property name="os.name" value="Windows 10"/>
    <property name="maven.ext.class.path" value="D:\Documents\EPSI\B3\Java\Netbeans\java\maven-nblib\netbeans-eventspy.jar"/>
    <property name="classworlds.conf" value="D:\Documents\EPSI\B3\Java\Netbeans\java\maven\bin\..\bin\m2.conf"/>
    <property name="sun.jnu.encoding" value="Cp1252"/>
    <property name="java.library.path" value="D:\Documents\EPSI\B3\Java\Java11\bin;C:\WINDOWS\Sun\Java\bin;C:\WINDOWS\system32;C:\WINDOWS;E:\Vmware16\bin\;C:\Program Files (x86)\Common Files\Oracle\Java\javapath;C:\Program Files (x86)\Razer Chroma SDK\bin;C:\Program Files\Razer Chroma SDK\bin;C:\Program Files (x86)\Razer\ChromaBroadcast\bin;C:\Program Files\Razer\ChromaBroadcast\bin;D:\Documents\Apps\Python382\Scripts\;D:\Documents\Apps\Python382\;C:\Windows\system32;C:\Windows;C:\Windows\System32\Wbem;C:\Windows\System32\WindowsPowerShell\v1.0\;C:\Windows\System32\OpenSSH\;C:\Program Files\NVIDIA Corporation\NVIDIA NvDLISR;D:\Documents\Apps\Putty\;C:\Program Files (x86)\NVIDIA Corporation\PhysX\Common;C:\Program Files\Microsoft SQL Server\130\Tools\Binn\;D:\Documents\Apps\NodeJs\;C:\Program Files\Symfony;C:\wamp64\bin\php\php7.3.5;C:\Users\gaell\AppData\Local\Microsoft\WindowsApps;C:\Users\gaell\.dotnet\tools;D:\Documents\Apps\VisualStudio\Microsoft VS Code\bin;D:\Documents\Apps\VisualStudio\src\flutter_windows_1.20.3-stable\flutter\bin;C:\Users\gaell\AppData\Roaming\npm;D:\Documents\Apps\SDKAndroidStudio;C:\Users\gaell\AppData\Roaming\Composer\vendor\bin;C:\Program Files;C:\WINDOWS\system32;C:\WINDOWS;C:\WINDOWS\System32\Wbem;C:\WINDOWS\System32\WindowsPowerShell\v1.0\;C:\WINDOWS\System32\OpenSSH\;D:\Documents\Apps\GitExtensions\;D:\Documents\Apps\Git\cmd;C:\Program Files\dotnet\;C:\Program Files\Docker\Docker\resources\bin;C:\ProgramData\DockerDesktop\version-bin;C:\Program Files\Microsoft SQL Server\Client SDK\ODBC\170\Tools\Binn\;C:\Program Files\Microsoft SQL Server\150\Tools\Binn\;C:\Users\gaell\AppData\Local\Microsoft\WindowsApps;D:\Documents\Apps\VisualStudio\Microsoft VS Code\bin;C:\Users\gaell\.dotnet\tools;C:\Users\gaell\AppData\Roaming\npm;D:\Documents\Apps\SDKAndroidStudio;C:\Program Files;C:\Users\gaell\.dotnet\tools;D:\Documents\Apps\openSSL\OpenSSL\bin;C:\Users\gaell\AppData\Local\Microsoft\WindowsApps;D:\Documents\Apps\ArduinoFlip\bin;D:\Documents\Apps\IntelijiIdea\bin;;D:\mobile\sdk\flutter\bin;D:\Documents\Apps\Maven\bin\;;."/>
    <property name="maven.conf" value="D:\Documents\EPSI\B3\Java\Netbeans\java\maven\bin\../conf"/>
    <property name="jdk.debug" value="release"/>
    <property name="java.class.version" value="55.0"/>
    <property name="java.specification.name" value="Java Platform API Specification"/>
    <property name="sun.management.compiler" value="HotSpot 64-Bit Tiered Compilers"/>
    <property name="os.version" value="10.0"/>
    <property name="library.jansi.path" value="D:\Documents\EPSI\B3\Java\Netbeans\java\maven\bin\..\lib\jansi-native"/>
    <property name="user.home" value="C:\Users\gaell"/>
    <property name="user.timezone" value="Europe/Paris"/>
    <property name="java.awt.printerjob" value="sun.awt.windows.WPrinterJob"/>
    <property name="file.encoding" value="UTF-8"/>
    <property name="java.specification.version" value="11"/>
    <property name="user.name" value="gaell"/>
    <property name="java.class.path" value="D:\Documents\EPSI\B3\Java\Netbeans\java\maven\bin\..\boot\plexus-classworlds-2.6.0.jar"/>
    <property name="java.vm.specification.version" value="11"/>
    <property name="sun.arch.data.model" value="64"/>
    <property name="sun.java.command" value="org.codehaus.plexus.classworlds.launcher.Launcher -Dtest=ApplicationTest -Dmaven.ext.class.path=D:\Documents\EPSI\B3\Java\Netbeans\java\maven-nblib\netbeans-eventspy.jar -Dfile.encoding=UTF-8 test-compile surefire:test"/>
    <property name="java.home" value="D:\Documents\EPSI\B3\Java\Java11"/>
    <property name="user.language" value="fr"/>
    <property name="java.specification.vendor" value="Oracle Corporation"/>
    <property name="awt.toolkit" value="sun.awt.windows.WToolkit"/>
    <property name="java.vm.info" value="mixed mode"/>
    <property name="java.version" value="11"/>
    <property name="java.vendor" value="Oracle Corporation"/>
    <property name="maven.home" value="D:\Documents\EPSI\B3\Java\Netbeans\java\maven\bin\.."/>
    <property name="file.separator" value="\"/>
    <property name="java.version.date" value="2018-09-25"/>
    <property name="java.vendor.url.bug" value="http://bugreport.java.com/bugreport/"/>
    <property name="sun.io.unicode.encoding" value="UnicodeLittle"/>
    <property name="sun.cpu.endian" value="little"/>
    <property name="java.vendor.version" value="18.9"/>
    <property name="sun.desktop" value="windows"/>
    <property name="sun.cpu.isalist" value="amd64"/>
  </properties>
  <testcase classname="ApplicationTest" name="testCreateShowRecetteByIdQuery" time="0.018"/>
  <testcase classname="ApplicationTest" name="testCreateAjouterRecetteQuery" time="0.013"/>
  <testcase classname="ApplicationTest" name="testAjouterRecetteWithNullStatement" time="0.001"/>
  <testcase classname="ApplicationTest" name="testShowRecetteById" time="0"/>
</testsuite>